<?xml version="1.0" encoding="UTF-8"?>
<!-- Generated by org.testng.reporters.JUnitReportReporter -->
<testsuite hostname="DESKTOP-LSR42U7" failures="0" tests="1" name="regressionTestCases2.Verify_theHotelsAsPer_SeletedLocation" time="35.887" errors="0" timestamp="2024-05-02T17:01:18 IST" skipped="0">
  <testcase classname="regressionTestCases2.Verify_theHotelsAsPer_SeletedLocation" name="Verify_TC104" time="35.887"/>
</testsuite> <!-- regressionTestCases2.Verify_theHotelsAsPer_SeletedLocation -->
