<?xml version="1.0" encoding="UTF-8"?>
<!-- Generated by org.testng.reporters.JUnitReportReporter -->
<testsuite hostname="DESKTOP-LSR42U7" failures="0" tests="1" name="regressionTestCases2.ValidateLoginandSearchpage" time="13.812" errors="0" timestamp="2024-05-04T16:15:10 IST" skipped="0">
  <testcase classname="regressionTestCases2.ValidateLoginandSearchpage" name="validate_Login_TC101" time="13.812"/>
</testsuite> <!-- regressionTestCases2.ValidateLoginandSearchpage -->
